#
# There is insufficient memory for the Java Runtime Environment to continue.
# Native memory allocation (mmap) failed to map 257949696 bytes for G1 virtual space
# Possible reasons:
#   The system is out of physical RAM or swap space
#   The process is running with CompressedOops enabled, and the Java Heap may be blocking the growth of the native heap
# Possible solutions:
#   Reduce memory load on the system
#   Increase physical memory or swap space
#   Check if swap backing store is full
#   Decrease Java heap size (-Xmx/-Xms)
#   Decrease number of Java threads
#   Decrease Java thread stack sizes (-Xss)
#   Set larger code cache with -XX:ReservedCodeCacheSize=
#   JVM is running with Zero Based Compressed Oops mode in which the Java heap is
#     placed in the first 32GB address space. The Java Heap base address is the
#     maximum limit for the native heap growth. Please use -XX:HeapBaseMinAddress
#     to set the Java Heap base and to place the Java Heap above 32GB virtual address.
# This output file may be truncated or incomplete.
#
#  Out of Memory Error (os_windows.cpp:3825), pid=32312, tid=16680
#
# JRE version:  (17.0.9+7) (build )
# Java VM: OpenJDK 64-Bit Server VM (17.0.9+7-b1087.9, mixed mode, sharing, tiered, compressed oops, compressed class ptrs, g1 gc, windows-amd64)
# No core dump will be written. Minidumps are not enabled by default on client versions of Windows
#

---------------  S U M M A R Y ------------

Command Line: git4idea.http.GitAskPassApp Username for 'https://github.com': 

Host: AMD Ryzen 9 5900HX with Radeon Graphics        , 16 cores, 15G,  Windows 11 , 64 bit Build 22621 (10.0.22621.2506)
Time: Mon Feb  5 09:33:30 2024 Eastern Standard Time elapsed time: 0.025116 seconds (0d 0h 0m 0s)

---------------  T H R E A D  ---------------

Current thread (0x00000217eb42d140):  JavaThread "Unknown thread" [_thread_in_vm, id=16680, stack(0x00000095eb200000,0x00000095eb300000)]

Stack: [0x00000095eb200000,0x00000095eb300000]
Native frames: (J=compiled Java code, j=interpreted, Vv=VM code, C=native code)
V  [jvm.dll+0x688349]
V  [jvm.dll+0x841bfa]
V  [jvm.dll+0x84383e]
V  [jvm.dll+0x843ea3]
V  [jvm.dll+0x24bdef]
V  [jvm.dll+0x6850f9]
V  [jvm.dll+0x67988a]
V  [jvm.dll+0x30cbfb]
V  [jvm.dll+0x3140a6]
V  [jvm.dll+0x363ede]
V  [jvm.dll+0x36410f]
V  [jvm.dll+0x2e29c8]
V  [jvm.dll+0x2e3934]
V  [jvm.dll+0x812771]
V  [jvm.dll+0x371d41]
V  [jvm.dll+0x7f12bc]
V  [jvm.dll+0x3f59cf]
V  [jvm.dll+0x3f7601]
C  [jli.dll+0x528f]
C  [ucrtbase.dll+0x29363]
C  [KERNEL32.DLL+0x1257d]
C  [ntdll.dll+0x5aa58]


---------------  P R O C E S S  ---------------

Threads class SMR info:
_java_thread_list=0x00007ffc19c6df18, length=0, elements={
}

Java Threads: ( => current thread )

Other Threads:
  0x00000217eb4972b0 GCTaskThread "GC Thread#0" [stack: 0x00000095eb300000,0x00000095eb400000] [id=15504]
  0x00000217eb4a7790 ConcurrentGCThread "G1 Main Marker" [stack: 0x00000095eb400000,0x00000095eb500000] [id=16356]
  0x00000217eb4a81b0 ConcurrentGCThread "G1 Conc#0" [stack: 0x00000095eb500000,0x00000095eb600000] [id=1880]

[error occurred during error reporting (printing all threads), id 0xc0000005, EXCEPTION_ACCESS_VIOLATION (0xc0000005) at pc=0x00007ffc19423597]

VM state: not at safepoint (not fully initialized)

VM Mutex/Monitor currently owned by a thread:  ([mutex/lock_event])
[0x00000217eb426ca0] Heap_lock - owner thread: 0x00000217eb42d140

Heap address: 0x000000070a600000, size: 3930 MB, Compressed Oops mode: Zero based, Oop shift amount: 3

CDS archive(s) mapped at: [0x0000000000000000-0x0000000000000000-0x0000000000000000), size 0, SharedBaseAddress: 0x0000000800000000, ArchiveRelocationMode: 1.
Narrow klass base: 0x0000000000000000, Narrow klass shift: 0, Narrow klass range: 0x0

GC Precious Log:
<Empty>

Heap:
 garbage-first heap   total 0K, used 0K [0x000000070a600000, 0x0000000800000000)
  region size 2048K, 0 young (0K), 0 survivors (0K)
 Metaspace       used 0K, committed 0K, reserved 0K
  class space    used 0K, committed 0K, reserved 0K

Heap Regions: E=young(eden), S=young(survivor), O=old, HS=humongous(starts), HC=humongous(continues), CS=collection set, F=free, OA=open archive, CA=closed archive, TAMS=top-at-mark-start (previous, next)

Card table byte_map: [0x00000217febd0000,0x00000217ff380000] _byte_map_base: 0x00000217fb37d000

Marking Bits (Prev, Next): (CMBitMap*) 0x00000217eb4978d0, (CMBitMap*) 0x00000217eb497910
 Prev Bits: [0x0000021780000000, 0x0000021783d68000)
 Next Bits: [0x0000021783d70000, 0x0000021787ad8000)

GC Heap History (0 events):
No events

Dll operation events (1 events):
Event: 0.013 Loaded shared library C:\Users\SahilDutta\AppData\Local\JetBrains\IntelliJ IDEA 2023.3.2\jbr\bin\java.dll

Deoptimization events (0 events):
No events

Classes unloaded (0 events):
No events

Classes redefined (0 events):
No events

Internal exceptions (0 events):
No events

VM Operations (0 events):
No events

Events (0 events):
No events


Dynamic libraries:
0x00007ff7608e0000 - 0x00007ff7608ea000 	C:\Users\SahilDutta\AppData\Local\JetBrains\IntelliJ IDEA 2023.3.2\jbr\bin\java.exe
0x00007ffcb2110000 - 0x00007ffcb2327000 	C:\WINDOWS\SYSTEM32\ntdll.dll
0x00007ffcb1540000 - 0x00007ffcb1604000 	C:\WINDOWS\System32\KERNEL32.DLL
0x00007ffcaf6d0000 - 0x00007ffcafa76000 	C:\WINDOWS\System32\KERNELBASE.dll
0x00007ffcafb60000 - 0x00007ffcafc71000 	C:\WINDOWS\System32\ucrtbase.dll
0x00007ffc94a30000 - 0x00007ffc94a47000 	C:\Users\SahilDutta\AppData\Local\JetBrains\IntelliJ IDEA 2023.3.2\jbr\bin\jli.dll
0x00007ffc66080000 - 0x00007ffc6609b000 	C:\Users\SahilDutta\AppData\Local\JetBrains\IntelliJ IDEA 2023.3.2\jbr\bin\VCRUNTIME140.dll
0x00007ffcb1d60000 - 0x00007ffcb1f0e000 	C:\WINDOWS\System32\USER32.dll
0x00007ffcafb30000 - 0x00007ffcafb56000 	C:\WINDOWS\System32\win32u.dll
0x00007ffc95a60000 - 0x00007ffc95cf3000 	C:\WINDOWS\WinSxS\amd64_microsoft.windows.common-controls_6595b64144ccf1df_6.0.22621.2506_none_270c5ae97388e100\COMCTL32.dll
0x00007ffcb1a60000 - 0x00007ffcb1a89000 	C:\WINDOWS\System32\GDI32.dll
0x00007ffcafc80000 - 0x00007ffcafd98000 	C:\WINDOWS\System32\gdi32full.dll
0x00007ffcb18b0000 - 0x00007ffcb1957000 	C:\WINDOWS\System32\msvcrt.dll
0x00007ffcaf630000 - 0x00007ffcaf6ca000 	C:\WINDOWS\System32\msvcp_win.dll
0x00007ffcb1c20000 - 0x00007ffcb1c51000 	C:\WINDOWS\System32\IMM32.DLL
0x00007ffcab080000 - 0x00007ffcab08c000 	C:\Users\SahilDutta\AppData\Local\JetBrains\IntelliJ IDEA 2023.3.2\jbr\bin\vcruntime140_1.dll
0x00007ffc4dd90000 - 0x00007ffc4de1d000 	C:\Users\SahilDutta\AppData\Local\JetBrains\IntelliJ IDEA 2023.3.2\jbr\bin\msvcp140.dll
0x00007ffc19130000 - 0x00007ffc19db2000 	C:\Users\SahilDutta\AppData\Local\JetBrains\IntelliJ IDEA 2023.3.2\jbr\bin\server\jvm.dll
0x00007ffcb0d30000 - 0x00007ffcb0de3000 	C:\WINDOWS\System32\ADVAPI32.dll
0x00007ffcafe60000 - 0x00007ffcaff08000 	C:\WINDOWS\System32\sechost.dll
0x00007ffcafa80000 - 0x00007ffcafaa8000 	C:\WINDOWS\System32\bcrypt.dll
0x00007ffcb1320000 - 0x00007ffcb1437000 	C:\WINDOWS\System32\RPCRT4.dll
0x00007ffcae290000 - 0x00007ffcae2dd000 	C:\WINDOWS\SYSTEM32\POWRPROF.dll
0x00007ffc90900000 - 0x00007ffc90909000 	C:\WINDOWS\SYSTEM32\WSOCK32.dll
0x00007ffca7990000 - 0x00007ffca799a000 	C:\WINDOWS\SYSTEM32\VERSION.dll
0x00007ffca8700000 - 0x00007ffca8734000 	C:\WINDOWS\SYSTEM32\WINMM.dll
0x00007ffcb1610000 - 0x00007ffcb1681000 	C:\WINDOWS\System32\WS2_32.dll
0x00007ffcae270000 - 0x00007ffcae283000 	C:\WINDOWS\SYSTEM32\UMPDC.dll
0x00007ffcae530000 - 0x00007ffcae548000 	C:\WINDOWS\SYSTEM32\kernel.appcore.dll
0x00007ffcac400000 - 0x00007ffcac40a000 	C:\Users\SahilDutta\AppData\Local\JetBrains\IntelliJ IDEA 2023.3.2\jbr\bin\jimage.dll
0x00007ffcace30000 - 0x00007ffcad063000 	C:\WINDOWS\SYSTEM32\DBGHELP.DLL
0x00007ffcb0950000 - 0x00007ffcb0cd9000 	C:\WINDOWS\System32\combase.dll
0x00007ffcb1a90000 - 0x00007ffcb1b67000 	C:\WINDOWS\System32\OLEAUT32.dll
0x00007ffc91550000 - 0x00007ffc91582000 	C:\WINDOWS\SYSTEM32\dbgcore.DLL
0x00007ffcafab0000 - 0x00007ffcafb2a000 	C:\WINDOWS\System32\bcryptPrimitives.dll
0x00007ffc886e0000 - 0x00007ffc88705000 	C:\Users\SahilDutta\AppData\Local\JetBrains\IntelliJ IDEA 2023.3.2\jbr\bin\java.dll

dbghelp: loaded successfully - version: 4.0.5 - missing functions: none
symbol engine: initialized successfully - sym options: 0x614 - pdb path: .;C:\Users\SahilDutta\AppData\Local\JetBrains\IntelliJ IDEA 2023.3.2\jbr\bin;C:\WINDOWS\SYSTEM32;C:\WINDOWS\WinSxS\amd64_microsoft.windows.common-controls_6595b64144ccf1df_6.0.22621.2506_none_270c5ae97388e100;C:\Users\SahilDutta\AppData\Local\JetBrains\IntelliJ IDEA 2023.3.2\jbr\bin\server

VM Arguments:
java_command: git4idea.http.GitAskPassApp Username for 'https://github.com': 
java_class_path (initial): C:/Users/SahilDutta/AppData/Local/JetBrains/IntelliJ IDEA 2023.3.2/plugins/vcs-git/lib/git4idea-rt.jar;C:/Users/SahilDutta/AppData/Local/JetBrains/IntelliJ IDEA 2023.3.2/lib/externalProcess-rt.jar
Launcher Type: SUN_STANDARD

[Global flags]
     intx CICompilerCount                          = 12                                        {product} {ergonomic}
     uint ConcGCThreads                            = 3                                         {product} {ergonomic}
     uint G1ConcRefinementThreads                  = 13                                        {product} {ergonomic}
   size_t G1HeapRegionSize                         = 2097152                                   {product} {ergonomic}
    uintx GCDrainStackTargetSize                   = 64                                        {product} {ergonomic}
   size_t InitialHeapSize                          = 257949696                                 {product} {ergonomic}
   size_t MarkStackSize                            = 4194304                                   {product} {ergonomic}
   size_t MaxHeapSize                              = 4120903680                                {product} {ergonomic}
   size_t MinHeapDeltaBytes                        = 2097152                                   {product} {ergonomic}
   size_t MinHeapSize                              = 8388608                                   {product} {ergonomic}
    uintx NonNMethodCodeHeapSize                   = 7602480                                {pd product} {ergonomic}
    uintx NonProfiledCodeHeapSize                  = 122027880                              {pd product} {ergonomic}
    uintx ProfiledCodeHeapSize                     = 122027880                              {pd product} {ergonomic}
    uintx ReservedCodeCacheSize                    = 251658240                              {pd product} {ergonomic}
     bool SegmentedCodeCache                       = true                                      {product} {ergonomic}
   size_t SoftMaxHeapSize                          = 4120903680                             {manageable} {ergonomic}
     bool UseCompressedClassPointers               = true                           {product lp64_product} {ergonomic}
     bool UseCompressedOops                        = true                           {product lp64_product} {ergonomic}
     bool UseG1GC                                  = true                                      {product} {ergonomic}
     bool UseLargePagesIndividualAllocation        = false                                  {pd product} {ergonomic}

Logging:
Log output configuration:
 #0: stdout all=warning uptime,level,tags
 #1: stderr all=off uptime,level,tags

Environment Variables:
PATH=C:\Program Files\Git\mingw64\libexec\git-core;C:\Program Files\Git\mingw64\libexec\git-core;C:\Program Files\Git\mingw64\bin;C:\Program Files\Git\usr\bin;C:\Users\SahilDutta\bin;C:\Program Files\Common Files\Oracle\Java\javapath;C:\Program Files\Microsoft\jdk-11.0.16.101-hotspot\bin;C:\WINDOWS\system32;C:\WINDOWS;C:\WINDOWS\System32\Wbem;C:\WINDOWS\System32\WindowsPowerShell\v1.0;C:\WINDOWS\System32\OpenSSH;C:\Program Files\dotnet;C:\Program Files\Git\cmd;C:\Program Files\Microsoft SQL Server\150\Tools\Binn;C:\Program Files\Microsoft SQL Server\Client SDK\ODBC\170\Tools\Binn;C:\Program Files\PuTTY;C:\Program Files\Airshipper;C:\cygwin64\bin;C:\Users\SahilDutta\AppData\Local\Programs\Python\Python311\Scripts;C:\Program Files\nodejs;C:\Users\SahilDutta\AppData\Local\Programs\Python\Launcher;C:\Users\SahilDutta\AppData\Local\Microsoft\WindowsApps;C:\Users\SahilDutta\AppData\Local\spicetify;C:\Users\SahilDutta\AppData\Local\Programs\Microsoft VS Code\bin;C:\Users\SahilDutta\AppData\Local\Microsoft\WindowsApps;C:\Users\SahilDutta\AppData\Local\Programs\Azure Data Studio\bin;C:\Users\SahilDutta\.dotnet\tools;C:\Users\SahilDutta\AppData\Roaming\npm
USERNAME=SahilDutta
DISPLAY=:0.0
LC_ALL=en_US.UTF-8
TERM=xterm-256color
TMPDIR=C:\Users\SAHILD~1\AppData\Local\Temp
OS=Windows_NT
PROCESSOR_IDENTIFIER=AMD64 Family 25 Model 80 Stepping 0, AuthenticAMD
TMP=C:\Users\SAHILD~1\AppData\Local\Temp
TEMP=C:\Users\SAHILD~1\AppData\Local\Temp



Periodic native trim disabled

JNI global refs:
JNI global refs: 0, weak refs: 0

JNI global refs memory usage: 0, weak refs: 0

OOME stack traces (most recent first):
Classloader memory used:


---------------  S Y S T E M  ---------------

OS:
 Windows 11 , 64 bit Build 22621 (10.0.22621.2506)
OS uptime: 3 days 11:16 hours
Hyper-V role detected

CPU: total 16 (initial active 16) (16 cores per cpu, 2 threads per core) family 25 model 80 stepping 0 microcode 0x0, cx8, cmov, fxsr, ht, mmx, 3dnowpref, sse, sse2, sse3, ssse3, sse4a, sse4.1, sse4.2, popcnt, lzcnt, tsc, tscinvbit, avx, avx2, aes, erms, clmul, bmi1, bmi2, adx, sha, fma, vzeroupper, clflush, clflushopt, hv
Processor Information for all 16 processors :
  Max Mhz: 3301, Current Mhz: 3301, Mhz Limit: 3301

Memory: 4k page, system-wide physical 15713M (655M free)
TotalPageFile size 31862M (AvailPageFile size 114M)
current process WorkingSet (physical memory assigned to process): 11M, peak: 11M
current process commit charge ("private bytes"): 70M, peak: 316M

vm_info: OpenJDK 64-Bit Server VM (17.0.9+7-b1087.9) for windows-amd64 JRE (17.0.9+7-b1087.9), built on 2023-12-05 by "builduser" with MS VC++ 16.10 / 16.11 (VS2019)

END.
